<?xml version="1.0" encoding="UTF-8"?>
<!-- Generated by org.testng.reporters.JUnitXMLReporter -->
<testsuite hostname="in-suhailma-1" ignored="0" name="Test" tests="3" failures="0" timestamp="04 Mar 2018 05:56:37 GMT" time="0.063" errors="0">
  <testcase name="@BeforeMethod preCondition" time="0.0" classname="com.actiTime.generic.BaseTest">
    <failure type="java.net.MalformedURLException" message="no protocol: ">
      <![CDATA[java.net.MalformedURLException: no protocol: 
	at java.net.URL.<init>(Unknown Source)
	at java.net.URL.<init>(Unknown Source)
	at java.net.URL.<init>(Unknown Source)
	at com.actiTime.generic.BaseTest.preCondition(BaseTest.java:26)
... Removed 27 stack frames]]>
    </failure>
  </testcase> <!-- @BeforeMethod preCondition -->
  <testcase name="@AfterMethod postCondition" time="0.0" classname="com.actiTime.generic.BaseTest">
    <skipped/>
  </testcase> <!-- @AfterMethod postCondition -->
  <testcase name="@BeforeMethod preCondition" time="0.0" classname="com.actiTime.generic.BaseTest">
    <skipped/>
  </testcase> <!-- @BeforeMethod preCondition -->
  <testcase name="@AfterMethod postCondition" time="0.0" classname="com.actiTime.generic.BaseTest">
    <skipped/>
  </testcase> <!-- @AfterMethod postCondition -->
  <testcase name="@BeforeMethod preCondition" time="0.0" classname="com.actiTime.generic.BaseTest">
    <skipped/>
  </testcase> <!-- @BeforeMethod preCondition -->
  <testcase name="@AfterMethod postCondition" time="0.0" classname="com.actiTime.generic.BaseTest">
    <skipped/>
  </testcase> <!-- @AfterMethod postCondition -->
  <testcase name="TestinvalidLogin" time="0.0" classname="com.actiTime.tests.invalidLoginTest">
    <skipped/>
  </testcase> <!-- TestinvalidLogin -->
  <testcase name="Testloginlogout" time="0.0" classname="com.actiTime.tests.validloginlogoutTest">
    <skipped/>
  </testcase> <!-- Testloginlogout -->
  <testcase name="TestverifyVersion" time="0.0" classname="com.actiTime.tests.verifyVersionTest">
    <skipped/>
  </testcase> <!-- TestverifyVersion -->
</testsuite> <!-- Test -->
